1.43
2.03
2.19
2.23
10.10
46.64
47.61
1.30
8.74
23.84
38.98
53.96
9.41
51.31
54.67
1.07
52.63
61.15
23.96
3.46
39.62
19.43
60.38
47.75
16.33
62.87
58.13
65.90
66.16
59.58
64.43
62.78
62.85
62.36
63.09
65.73
68.18
62.35
61.19
59.64
66.40
61.04
61.05
66.60
60.89
11.13
8.76
28.94
65.61
21.43
11.01
6.41
2.70
1.90
44.04
17.15
25.72
35.59
68.85
71.00
55.38
24.47
5.11
18.71
16.24
71.30
76.47
72.05
75.46
75.89
74.95
76.19
72.94
79.95
73.76
74.54
71.01
73.06
66.98
76.34
73.74
77.03
74.05
73.41
72.33
0.25
0.45
0.65
0.23
0.43
0.63
0.20
0.40
0.60
0.23
0.43
0.63
0.20
0.40
0.60
0.23
0.43
0.63
0.83
0.25
0.45
0.65
0.23
0.43
0.63
0.83
55.91
83.91
111.91
55.93
83.93
111.93
55.87
83.87
111.87
55.90
83.90
111.90
55.89
83.89
111.89
55.90
83.90
111.90
139.90
55.91
83.91
111.91
55.93
83.93
111.93
139.93
30.95
32.84
32.85
33.85
37.06
33.88
31.86
30.95
26.87
28.96
28.89
28.84
27.89
32.88
33.74
30.96
37.97
31.72
28.93
32.93
15.23
82.34
84.82
85.19
82.15
83.04
84.54
80.70
85.98
83.11
87.64
86.72
83.90
85.90
82.85
86.73
85.53
83.71
85.70
80.24
80.84
80.02
83.45
80.14
91.87
85.45
80.04
81.21
83.37
81.53
80.76
82.16
86.74
85.24
81.52
82.00
80.34
78.69
84.86
80.37
86.51
80.63
81.81
81.69
81.06
84.59
85.22
82.50
79.93
79.50
83.44
77.08
81.50
87.34
86.71
86.94
78.61
84.38
79.35
85.76
79.22
80.54
85.34
85.88
85.69
81.86
83.09
82.46
79.74
80.06
83.87
82.65
84.01
80.61
82.14
81.82
89.21
88.25
83.21
79.88
86.00
81.07
81.59
85.42
83.01
84.08
86.30
84.48
84.72
86.26
89.25
85.71
83.32
85.72
82.96
84.32
85.33
83.58
82.09
85.14
86.27
81.80
86.80
81.66
79.29
82.70
85.21
82.97
84.25
83.66
89.41
84.70
81.67
83.42
84.46
82.64
79.83
81.40
79.35
79.98
85.34
87.09
78.53
84.23
82.73
85.91
86.74
80.45
81.12
76.26
84.04
81.70
80.10
86.19
80.22
84.50
85.63
78.55
84.80
82.73
86.36
89.11
82.92
85.05
83.01
88.16
84.02
80.20
77.08
82.12
82.27
82.76
83.00
82.29
81.90
82.18
82.85
86.74
80.90
88.11
81.17
84.50
81.97
79.84
84.09
81.84
83.18
81.24
85.09
79.31
85.06
83.77
79.73
84.27
81.73
88.97
85.08
83.81
82.15
79.58
82.80
83.36
82.46
82.10
85.22
83.79
81.00
78.66
79.56
84.64
82.18
82.10
80.23
85.12
84.79
85.52
86.94
83.09
81.01
86.53
81.60
81.32
82.44
85.74
81.90
84.20
82.29
85.46
81.69
81.51
87.78
85.14
82.32
85.40
82.81
80.61
80.43
83.36
82.23
79.27
83.49
85.11
87.97
86.21
82.78
83.26
79.46
85.76
83.24
82.74
82.92
85.14
74.78
84.67
88.44
80.15
76.74
84.44
80.28
82.33
82.99
82.19
82.28
79.87
80.51
83.40
81.56
81.06
83.15
82.96
81.52
80.70
82.72
79.65
85.22
81.56
88.79
84.77
81.04
83.34
86.30
79.47
83.77
82.34
80.20
81.48
81.12
82.55
82.44
87.66
78.90
82.35
81.61
77.69
79.76
88.61
82.13
84.53
80.91
80.78
84.81
86.96
83.38
86.47
79.57
84.48
78.94
79.73
79.97
79.63
80.15
82.89
82.88
88.20
81.54
80.02
88.57
80.38
86.71
83.42
79.04
82.11
82.98
85.67
85.81
82.63
86.51
87.06
84.03
84.81
81.83
80.45
85.55
82.23
84.76
79.66
82.30
85.79
80.25
82.21
84.55
79.74
80.68
83.69
85.14
81.92
81.98
79.89
83.22
82.46
85.09
80.72
82.13
81.44
81.93
84.43
82.55
86.52
82.28
84.84
82.72
83.60
82.99
81.70
82.26
85.85
81.67
80.77
80.13
78.94
83.98
80.49
80.15
84.71
86.78
84.31
83.15
83.07
84.28
81.11
80.20
82.19
85.14
81.31
82.86
82.20
82.85
82.61
81.78
84.43
82.83
83.08
85.97
84.92
82.98
83.27
82.52
87.11
82.48
86.09
81.31
80.17
82.89
85.19
81.30
85.00
79.68
84.98
85.64
80.61
80.89
84.14
79.34
80.59
85.16
87.11
88.48
82.18
82.79
81.44
82.02
85.67
83.00
82.24
83.79
83.02
85.92
84.01
85.25
83.56
84.58
82.46
85.36
87.19
82.56
82.61
81.88
82.28
82.39
81.11
83.33
90.31
83.51
86.92
82.52
86.48
82.30
79.42
84.04
79.99
81.90
85.84
84.09
80.08
83.06
85.66
84.51
84.85
82.44
80.40
84.27
84.30
82.06
84.47
85.37
84.50
83.27
82.54
84.34
85.39
83.17
84.99
79.37
86.20
85.81
81.36
81.62
86.22
80.62
84.59
82.01
81.94
89.42
83.28
82.64
82.18
86.17
79.02
85.50
82.74
83.11
86.46
80.48
79.47
82.50
80.50
85.93
80.80
80.22
79.23
83.18
84.93
86.74
80.55
82.73
86.00
80.98
84.12
83.08
82.07
78.82
83.15
82.08
81.72
81.78
83.05
87.41
79.73
78.62
85.21
86.36
85.22
83.38
89.33
84.79
84.77
85.86
77.33
84.64
83.51
85.27
82.41
80.69
81.46
82.36
83.86
84.29
84.33
86.45
80.91
84.48
82.68
82.71
87.34
80.20
83.88
82.94
82.99
79.87
82.20
85.87
79.51
83.85
81.47
84.11
78.22
78.84
81.53
76.28
87.25
82.45
84.56
86.82
82.97
84.49
82.21
85.33
84.73
81.18
85.18
82.94
84.66
83.09
76.82
86.99
78.26
83.89
84.36
79.87
85.66
80.28
88.20
84.02
93.94
83.95
86.40
81.59
77.04
86.54
82.59
87.33
84.80
80.07
81.83
83.95
78.89
79.44
83.33
88.35
83.48
82.44
84.46
84.95
85.48
85.71
81.78
83.42
84.41
81.37
79.66
84.29
82.40
84.66
85.02
84.53
79.03
83.37
78.38
82.89
86.38
82.92
83.89
82.06
78.17
84.45
83.74
81.81
82.25
80.26
82.41
84.39
87.75
84.45
84.56
81.30
81.05
82.13
85.78
88.19
80.73
81.76
85.31
84.67
82.45
84.51
80.56
81.24
84.38
81.44
81.00
90.58
84.37
83.00
82.99
84.50
87.52
82.29
80.82
85.23
85.05
80.00
84.23
83.54
83.33
82.99
82.25
84.02
79.94
86.33
85.67
84.53
85.24
85.02
81.08
88.53
85.61
82.98
81.99
84.49
79.30
80.45
84.55
78.59
85.38
81.99
81.58
82.05
85.13
82.37
79.91
86.40
84.10
84.56
79.54
86.83
81.67
82.96
82.73
84.29
86.27
84.95
84.08
87.91
74.87
82.20
85.49
86.06
86.76
78.75
85.29
80.54
83.07
80.02
84.72
84.92
85.73
87.93
82.91
85.49
85.18
82.07
84.48
83.18
84.99
84.70
83.98
83.50
81.08
80.71
85.23
87.35
87.02
84.93
80.72
86.10
87.22
79.26
84.65
82.63
80.27
78.38
79.92
85.05
83.48
82.32
87.29
85.76
83.09
82.23
79.39
81.00
80.93
78.60
80.35
82.65
86.75
83.44
87.12
83.79
79.67
81.56
81.08
84.77
80.27
88.72
83.47
78.37
85.90
83.68
78.80
84.86
85.57
84.73
82.30
86.42
86.83
83.07
80.42
80.48
80.40
83.47
82.40
86.01
84.78
84.36
82.91
77.56
84.44
82.94
84.07
83.20
81.40
82.14
84.91
82.61
85.60
82.98
80.88
82.42
82.67
86.30
85.00
85.97
80.43
83.94
84.50
82.37
80.02
85.48
80.67
77.76
87.92
84.41
81.40
86.83
86.02
78.05
82.66
85.29
79.50
82.43
82.37
84.11
85.20
84.70
80.26
86.57
83.22
85.79
85.46
81.65
83.50
82.45
86.81
84.64
83.45
85.14
83.80
83.44
84.53
84.20
81.43
84.45
81.52
81.60
84.50
81.14
82.47
83.03
78.11
79.85
85.39
80.54
85.92
86.65
85.43
81.57
83.93
84.46
82.21
87.12
84.44
88.31
82.63
79.15
84.10
89.15
80.43
81.75
88.08
81.57
81.34
84.74
81.94
81.81
82.70
84.34
83.06
83.92
86.21
85.28
87.15
83.53
83.68
83.65
78.77
85.46
85.52
80.66
81.19
79.99
82.43
85.44
82.65
80.70
82.35
82.79
84.32
85.11
89.00
82.05
86.56
85.59
84.02
83.02
82.48
82.88
82.85
83.11
83.13
89.91
79.98
85.94
83.97
84.49
76.76
83.99
77.51
81.12
84.97
84.02
83.32
87.98
81.91
82.47
79.46
81.85
82.96
81.29
86.01
83.07
89.49
83.09
74.68
83.33
84.10
86.88
85.46
83.36
81.74
89.19
88.87
84.31
81.63
80.89
84.97
84.28
86.76
85.95
80.45
84.39
81.83
84.10
86.09
82.25
82.31
78.17
83.67
83.17
80.98
81.68
88.90
85.52
84.55
84.06
91.31
84.33
80.38
83.47
86.85
89.08
83.90
84.33
81.08
83.05
85.11
79.74
80.36
90.81
86.09
84.03
81.44
85.23
82.17
87.39
86.59
82.42
84.49
84.81
77.02
78.75
84.13
81.36
80.78
89.95
83.39
85.31
82.10
83.30
80.47
86.91
81.68
81.54
85.18
86.15
79.84
85.42
80.66
87.08
79.97
82.24
85.84
82.80
88.75
81.12
83.23
83.74
84.64
81.22
88.25
80.55
83.64
82.52
86.39
87.82
79.70
78.19
84.27
80.72
87.25
82.11
80.15
86.81
85.32
81.57
78.18
85.25
86.27
80.14
79.38
82.96
78.14
88.38
86.70
84.34
83.10
82.13
76.68
84.47
83.72
86.50
82.45
79.02
86.00
79.91
84.59
84.14
81.08
81.11
82.37
84.45
80.35
81.11
88.00
81.01
86.66
81.50
80.58
82.46
87.80
79.47
83.06
83.36
85.42
81.22
88.78
83.71
84.19
81.10
84.52
86.70
80.11
85.35
84.30
80.94
84.78
85.03
82.58
80.16
78.84
82.38
82.53
81.61
85.50
85.24
84.41
82.21
81.19
83.27
85.33
81.89
81.85
84.07
82.50
89.61
84.35
81.48
81.94
81.95
88.59
80.36
79.38
84.21
81.08
82.82
88.06
79.10
81.66
86.15
88.28
87.38
82.59
78.86
83.82
83.63
81.86
82.38
83.28
82.33
82.12
84.63
84.12
83.53
85.18
81.56
82.17
82.48
77.93
81.77
82.63
82.04
82.70
84.68
82.17
81.00
81.37
80.53
81.32
84.08
78.91
86.97
84.17
84.63
84.61
86.27
84.31
79.37
86.40
83.62
80.34
84.13
85.69
84.24
82.45
79.25
85.26
82.22
79.34
82.32
82.21
84.80
83.15
83.43
79.41
82.78
80.36
81.43
86.56
81.87
86.03
84.20
83.44
83.49
82.70
82.90
80.30
79.26
80.60
85.98
79.76
85.04
84.18
85.38
85.56
79.64
87.42
85.38
87.65
88.19
86.66
80.79
78.86
82.72
80.47
82.75
83.82
88.93
81.92
87.09
88.57
82.21
78.06
82.84
80.45
82.44
85.66
81.51
85.19
81.51
86.22
86.11
85.22
78.65
86.45
83.11
88.85
84.47
86.32
82.98
79.92
82.84
81.57
89.08
85.11
81.15
82.25
77.65
81.81
81.51
88.01
85.66
78.22
83.02
81.27
84.51
80.20
83.25
78.32
80.40
81.04
88.08
85.69
84.24
80.44
80.79
79.76
79.13
86.66
87.92
82.80
76.24
83.19
86.90
87.38
82.54
81.99
89.59
83.20
83.59
84.86
85.11
80.92
86.48
86.44
82.18
83.65
87.55
86.48
84.74
79.32
85.58
85.06
85.56
85.02
84.92
84.69
80.48
87.42
86.49
81.11
89.98
87.59
81.78
86.14
85.12
82.65
82.38
82.50
84.51
85.28
80.11
82.49
81.98
81.98
80.20
81.06
81.50
83.37
86.08
85.93
88.08
83.68
88.27
83.79
82.41
81.22
80.83
86.20
82.66
80.76
81.83
83.85
82.49
87.36
86.99
81.78
86.06
81.12
80.47
82.58
80.52
84.15
81.14
87.10
89.71
79.51
84.12
80.02
78.88
82.42
79.08
85.20
82.41
83.68
80.32
88.20
82.07
86.55
82.00
82.25
89.45
81.39
83.19
82.13
83.50
86.75
85.66
88.11
80.23
80.01
87.13
83.39
80.61
80.52
80.36
83.72
77.65
78.90
81.88
84.73
81.39
80.80
82.61
84.69
80.52
85.85
86.47
85.63
80.37
83.69
82.39
79.40
77.96
82.11
77.70
79.67
84.86
85.06
82.91
86.41
82.88
81.69
82.08
83.60
83.92
80.01
82.49
84.75
85.99
85.12
80.38
83.90
79.92
81.53
81.65
82.20
80.99
83.82
84.41
83.94
83.97
81.17
79.40
82.46
84.48
82.24
81.97
81.93
83.96
81.90
81.63
89.76
82.68
76.32
84.72
82.93
83.98
80.22
82.59
80.73
84.95
87.13
81.65
85.54
78.34
79.12
80.76
80.86
84.07
82.68
77.85
87.81
85.34
82.30
82.93
84.36
83.61
80.14
85.60
81.15
85.96
84.03
85.40
82.42
83.56
80.71
78.10
82.54
88.70
82.11
81.36
81.50
81.61
82.36
83.88
83.29
81.68
82.59
84.31
84.11
80.99
82.54
82.04
82.43
80.05
81.04
83.29
85.56
85.36
82.30
83.15
81.59
83.10
86.60
82.98
86.93
83.86
82.60
81.56
82.13
81.38
78.81
85.94
82.27
82.21
85.52
78.02
81.80
82.37
85.89
80.78
80.17
85.49
80.90
80.97
85.69
81.74
79.79
82.11
79.18
84.41
79.38
83.64
86.53
79.22
81.95
79.60
80.04
78.86
80.15
84.26
86.80
87.21
85.38
81.97
84.03
79.13
81.89
82.41
80.51
89.37
86.57
83.46
82.54
82.81
83.13
77.84
85.27
86.21
75.04
84.17
82.11
83.53
81.41
82.37
80.28
81.24
84.73
81.49
86.00
82.51
79.29
79.04
83.99
86.94
81.58
83.06
84.51
83.68
83.56
86.33
82.65
83.17
80.56
83.23
86.87
90.33
82.40
82.53
84.90
79.20
77.01
83.68
75.07
83.88
84.82
82.48
85.59
80.47
85.80
84.36
83.55
86.00
84.75
84.71
79.51
81.97
82.52
80.94
85.32
82.19
79.28
81.84
78.87
82.77
87.00
87.63
80.84
81.05
77.29
84.63
82.46
85.98
81.44
84.34
85.36
87.46
85.37
83.28
85.13
86.64
81.85
80.29
81.95
83.46
80.81
79.38
87.56
80.17
84.14
82.62
79.26
86.31
83.70
79.92
86.37
84.38
84.97
86.59
79.70
83.40
82.59
80.70
82.19
86.72
76.97
84.79
82.29
81.05
80.13
85.50
82.54
80.27
78.83
83.94
84.81
80.73
81.46
81.75
77.88
78.91
80.35
79.40
80.84
82.47
85.80
83.46
79.79
80.79
83.00
82.65
81.54
84.79
83.77
84.98
81.01
79.34
84.54
81.76
83.50
83.27
84.57
83.13
80.64
82.26
82.32
88.27
86.67
88.98
81.72
81.91
83.83
84.21
83.90
84.75
80.32
75.19
83.06
78.45
83.72
86.53
81.01
81.04
83.60
83.34
83.86
87.74
82.73
82.62
85.93
84.09
82.73
84.90
78.21
83.44
84.88
84.46
84.43
83.96
86.01
83.47
82.68
82.44
85.26
85.74
81.50
79.64
81.65
80.79
79.72
85.03
82.60
81.97
81.66
79.87
84.66
86.03
85.73
79.45
81.27
86.97
84.69
83.94
81.71
86.06
82.08
86.50
80.35
82.28
83.40
82.44
82.08
80.16
80.08
87.60
86.64
85.49
86.86
86.36
82.62
88.02
78.85
79.01
82.82
85.41
82.69
83.66
78.96
83.51
78.40
81.72
87.54
78.21
80.89
88.57
80.85
80.49
82.15
82.83
84.30
81.43
82.97
80.34
84.89
83.71
83.86
82.62
83.96
88.99
81.15
86.29
79.22
85.62
82.19
79.29
80.68
83.88
78.45
85.43
86.33
85.41
84.28
85.59
81.33
85.36
76.51
80.23
84.63
82.61
78.77
80.55
84.73
83.51
89.87
85.47
77.86
83.96
82.04
83.41
83.64
82.48
82.07
83.23
82.22
82.55
84.41
82.53
79.83
83.70
81.36
83.12
81.91
81.83
78.72
80.09
79.32
79.77
80.72
83.65
81.89
80.32
79.02
86.54
78.08
83.55
80.27
82.17
82.28
83.58
84.04
82.34
85.04
87.89
87.06
83.87
81.60
85.56
84.74
82.63
85.40
86.53
85.90
83.82
85.19
83.19
85.60
82.81
85.48
83.32
83.15
83.79
78.57
86.63
81.44
82.52
85.92
80.59
80.57
79.05
85.33
87.29
77.95
78.68
87.97
81.60
80.38
83.12
79.59
85.22
82.80
85.27
83.41
83.18
86.89
88.47
80.47
83.17
86.18
80.93
80.81
86.06
79.13
79.48
84.38
81.55
80.00
79.55
87.56
77.97
80.42
83.97
84.57
83.39
81.64
85.41
85.55
86.47
87.81
86.44
82.48
84.86
83.40
82.64
82.10
84.33
88.93
78.82
80.07
78.81
85.81
85.37
85.90
83.04
85.89
82.84
84.49
78.72
85.27
90.03
83.50
80.41
83.80
90.05
81.48
83.95
83.24
80.70
80.23
83.36
82.67
81.48
78.32
81.67
83.80
80.71
85.63
84.00
85.32
84.15
85.59
83.62
82.39
82.84
90.03
82.89
84.61
82.62
83.14
81.61
84.29
80.38
79.89
81.24
86.17
83.27
77.52
88.55
82.24
83.92
84.05
81.43
84.02
79.30
80.23
80.33
85.72
84.71
83.56
84.66
81.42
83.71
83.25
91.27
82.52
82.04
81.60
87.12
83.88
88.68
81.16
87.90
81.28
82.46
78.89
76.62
83.30
81.10
80.71
80.03
82.30
83.27
86.66
85.52
85.27
83.56
87.57
88.04
84.70
80.76
82.69
82.10
77.62
86.23
81.65
85.47
83.51
83.11
83.70
85.67
83.46
84.95
82.70
80.54
88.09
85.97
81.25
82.67
88.97
82.37
82.94
89.64
81.43
83.02
79.89
86.49
81.84
80.88
82.46
80.50
83.32
80.36
80.50
82.32
83.83
84.98
85.20
79.29
79.06
83.26
80.17
84.62
84.25
86.82
85.31
80.45
86.69
82.71
82.17
84.83
82.86
83.86
79.73
85.38
82.10
85.86
87.44
82.79
84.03
82.20
80.87
82.76
81.99
80.71
82.83
85.78
83.67
82.14
78.85
80.90
87.23
77.83
87.75
80.43
77.90
79.28
84.08
84.06
83.71
79.50
87.76
83.65
86.60
82.63
82.55
84.88
82.09
86.59
83.12
79.54
85.25
92.49
80.30
80.13
81.10
81.55
83.63
82.60
84.50
84.89
87.48
85.78
85.22
83.21
79.63
84.10
83.49
83.29
79.65
78.23
90.29
84.23
82.44
80.97
79.91
82.47
84.65
83.79
89.12
83.98
83.43
79.64
81.97
88.46
84.71
84.26
82.15
82.67
83.91
81.41
83.65
80.93
82.87
87.54
82.05
80.69
83.94
86.60
82.21
83.38
84.19
80.75
87.66
82.72
80.76
83.52
82.87
87.96
83.46
82.82
83.50
79.76
80.16
81.99
83.71
81.81
81.39
84.00
86.87
82.17
83.47
85.75
81.87
84.06
85.51
85.63
83.69
79.80
80.28
83.72
80.26
82.51
86.51
80.46
82.89
80.86
87.24
80.52
81.16
83.01
83.83
79.60
83.12
82.47
81.50
78.68
83.60
80.57
84.71
80.98
80.64
81.18
82.06
80.40
84.54
83.09
81.94
84.98
81.67
81.95
79.90
80.82
82.79
82.76
85.74
82.78
88.55
82.76
81.29
84.69
79.11
80.09
84.13
86.07
81.66
83.51
85.71
81.01
82.03
80.07
83.71
82.04
86.25
83.57
84.31
83.31
87.24
83.65
83.04
86.23
81.17
79.90
86.79
83.25
81.20
84.21
84.57
82.98
85.65
81.36
83.23
80.48
82.11
85.68
82.97
84.46
81.91
77.87
82.20
87.53
80.75
81.40
87.32
89.53
86.61
82.11
81.60
82.02
80.72
82.93
84.07
84.12
84.81
84.18
84.64
83.66
78.99
80.77
82.49
84.12
85.53
85.43
79.60
81.55
81.84
83.64
81.70
80.47
85.01
82.41
84.73
82.93
83.59
82.44
89.39
84.45
87.14
83.19
80.40
79.93
82.31
83.32
78.51
81.47
86.80
76.81
86.72
86.37
79.54
85.21
81.50
81.18
82.06
86.81
88.09
82.44
82.09
80.29
83.70
79.52
82.49
84.55
85.78
81.77
83.32
85.22
77.05
80.37
89.05
82.08
75.92
80.26
80.99
82.53
80.65
87.23
83.25
85.21
80.73
81.65
84.83
84.78
81.06
82.50
82.95
84.71
79.57
85.47
83.75
80.90
81.34
86.53
83.93
86.17
87.80
80.28
79.16
80.31
83.69
80.16
86.70
83.05
85.33
83.73
84.10
78.55
84.71
85.58
82.21
85.93
77.26
81.00
77.75
81.98
83.73
78.00
81.69
82.94
79.30
79.07
82.36
85.22
79.54
86.61
79.53
82.33
80.24
83.66
83.00
83.58
84.26
79.24
82.46
85.20
79.45
81.04
86.15
80.00
83.69
82.56
82.76
82.53
85.99
78.59
84.91
82.73
80.16
88.13
80.05
80.47
84.32
88.08
80.56
82.62
87.85
81.66
85.95
84.87
84.81
83.42
80.85
83.83
88.22
80.08
82.25
82.75
82.32
79.92
82.48
85.58
80.85
85.88
85.79
81.74
83.09
83.78
84.98
84.84
82.38
85.04
85.74
82.40
80.11
82.86
82.47
83.78
82.62
87.69
82.61
82.62
82.05
84.50
85.47
81.32
82.42
80.94
78.35
86.02
83.88
88.47
85.86
82.88
82.18
85.32
82.16
86.07
84.03
84.13
80.88
79.79
83.31
78.88
87.35
82.76
87.51
82.57
82.42
82.13
82.70
80.09
83.64
79.48
86.67
81.59
88.13
80.94
84.17
85.98
86.54
79.70
87.57
80.44
80.62
82.18
81.89
86.52
84.51
81.15
86.48
88.62
83.34
86.43
81.15
82.82
80.60
83.56
80.69
78.65
84.57
84.98
83.48
87.65
80.23
81.10
82.45
85.61
82.79
87.73
84.67
86.32
80.03
82.98
